<?xml version="1.0" encoding="UTF-8"?>
<testsuite name="PostmanEchoTest" tests="1" skipped="0" failures="0" errors="0" timestamp="2023-03-16T15:55:18" hostname="SODIK" time="3.433">
  <properties/>
  <testcase name="shouldSendRequestBody()" classname="PostmanEchoTest" time="3.433"/>
  <system-out><![CDATA[]]></system-out>
  <system-err><![CDATA[]]></system-err>
</testsuite>
